<?xml version="1.0" encoding="UTF-8" standalone="yes"?>
<ns2:test-suite xmlns:ns2="urn:model.allure.qatools.yandex.ru" start="1512671660677" stop="1512671686266">
    <name>Parallel</name>
    <test-cases>
        <test-case start="1512671660696" stop="1512671671493" status="broken">
            <name>testBDManager</name>
            <failure>
                <message>TimeoutException: Expected condition failed: waiting for element to be clickable: By.xpath: //input[@name = 'username'] (tried for 10 second(s) with 500 MILLISECONDS interval)</message>
                <stack-trace>org.openqa.selenium.TimeoutException: Expected condition failed: waiting for element to be clickable: By.xpath: //input[@name = 'username'] (tried for 10 second(s) with 500 MILLISECONDS interval)
	at org.openqa.selenium.support.ui.WebDriverWait.timeoutException(WebDriverWait.java:82)
	at org.openqa.selenium.support.ui.FluentWait.until(FluentWait.java:231)
	at ru.anatoli.practice_selenium.TestStructure.applicationManager.HelperBase.click(HelperBase.java:33)
	at ru.anatoli.practice_selenium.TestStructure.applicationManager.HelperBase.input(HelperBase.java:42)
	at ru.anatoli.practice_selenium.TestStructure.applicationManager.SessionHelper.login(SessionHelper.java:16)
	at ru.anatoli.practice_selenium.TestStructure.tests.DataBaseManagerTests.testBDManager(DataBaseManagerTests.java:11)
	at sun.reflect.NativeMethodAccessorImpl.invoke0(Native Method)
	at sun.reflect.NativeMethodAccessorImpl.invoke(NativeMethodAccessorImpl.java:62)
	at sun.reflect.DelegatingMethodAccessorImpl.invoke(DelegatingMethodAccessorImpl.java:43)
	at java.lang.reflect.Method.invoke(Method.java:498)
	at org.testng.internal.MethodInvocationHelper.invokeMethod(MethodInvocationHelper.java:108)
	at org.testng.internal.Invoker.invokeMethod(Invoker.java:661)
	at org.testng.internal.Invoker.invokeTestMethod(Invoker.java:869)
	at org.testng.internal.Invoker.invokeTestMethods(Invoker.java:1193)
	at org.testng.internal.TestMethodWorker.invokeTestMethods(TestMethodWorker.java:126)
	at org.testng.internal.TestMethodWorker.run(TestMethodWorker.java:109)
	at java.util.concurrent.ThreadPoolExecutor.runWorker(ThreadPoolExecutor.java:1149)
	at java.util.concurrent.ThreadPoolExecutor$Worker.run(ThreadPoolExecutor.java:624)
	at java.lang.Thread.run(Thread.java:748)
Caused by: org.openqa.selenium.NoSuchElementException: Cannot locate an element using By.xpath: //input[@name = 'username']
For documentation on this error, please visit: http://seleniumhq.org/exceptions/no_such_element.html
Build info: version: '3.7.1', revision: '8a0099a', time: '2017-11-06T21:01:39.354Z'
System info: host: 'AANUKEVICH', ip: '192.168.88.2', os.name: 'Windows 10', os.arch: 'amd64', os.version: '10.0', java.version: '1.8.0_151'
Driver info: driver.version: unknown
	at org.openqa.selenium.support.ui.ExpectedConditions.lambda$findElement$0(ExpectedConditions.java:882)
	at java.util.Optional.orElseThrow(Optional.java:290)
	at org.openqa.selenium.support.ui.ExpectedConditions.findElement(ExpectedConditions.java:881)
	at org.openqa.selenium.support.ui.ExpectedConditions.access$000(ExpectedConditions.java:43)
	at org.openqa.selenium.support.ui.ExpectedConditions$7.apply(ExpectedConditions.java:205)
	at org.openqa.selenium.support.ui.ExpectedConditions$7.apply(ExpectedConditions.java:201)
	at org.openqa.selenium.support.ui.ExpectedConditions$22.apply(ExpectedConditions.java:643)
	at org.openqa.selenium.support.ui.ExpectedConditions$22.apply(ExpectedConditions.java:640)
	at org.openqa.selenium.support.ui.FluentWait.until(FluentWait.java:208)
	... 17 more
</stack-trace>
            </failure>
            <steps/>
            <attachments/>
            <labels/>
        </test-case>
        <test-case start="1512671660696" stop="1512671686209" status="passed">
            <name>loginTest[public void ru.anatoli.practice_selenium.TestStructure.tests.LoginTests.loginTest(java.lang.reflect.Method)]</name>
            <steps/>
            <attachments/>
            <labels/>
        </test-case>
    </test-cases>
    <labels/>
</ns2:test-suite>
